Tue 27 Dec 2022 08:28:56 PM EST
7
GPU_ID=0
python main.py --adv --config cifar10_sub0.yml --doc cifar10_sub0/4 --ni
training:
  batch_size: 128
  n_epochs: 500000
  n_iters: 300001
  snapshot_freq: 5000
  snapshot_sampling: true
  anneal_power: 2
  log_all_sigmas: false

adv:
  perturb_shape: [3000, 3, 32, 32]
  adv_step: 20
  adv_epsilon: 8
  adv_alpha: 0.8
  eot_gaussian_num: 3
  t_seg_num: 8

sampling:
  batch_size: 100
  data_init: false
  step_lr: 0.0000062
  n_steps_each: 5
  ckpt_id: 150000
  final_only: true
  fid: false
  denoise: true
  num_samples4fid: 10000
  inpainting: false
  interpolation: false
  n_interpolations: 15

fast_fid:
  batch_size: 1000
  num_samples: 1000
  step_lr: 0.0000062
  n_steps_each: 5
  begin_ckpt: 5000
  end_ckpt: 300000
  verbose: false
  ensemble: false

test:
  begin_ckpt: 5000
  end_ckpt: 300000
  batch_size: 100

data:
  dataset: "CIFAR10"
  image_size: 32
  channels: 3
  logit_transform: false
  uniform_dequantization: false
  gaussian_dequantization: false
  random_flip: false
  rescaled: false
  num_workers: 4
  sub_dataset: true
  subset_number: 0

model:
  sigma_begin: 50
  num_classes: 232
  ema: true
  ema_rate: 0.999
  spec_norm: false
  sigma_dist: geometric
  sigma_end: 0.01
  normalization: InstanceNorm++
  nonlinearity: elu
  ngf: 128

optim:
  weight_decay: 0.000
  optimizer: "Adam"
  lr: 0.0001
  beta1: 0.9
  amsgrad: false
  eps: 0.00000001
---------------------------------------------------------------
Tue 27 Dec 2022 08:29:36 PM EST
GPU_ID=8
GPU_ID=0
python main.py --adv --config cifar10_sub0.yml --doc cifar10_sub0/4 --ni
training:
  batch_size: 128
  n_epochs: 500000
  n_iters: 300001
  snapshot_freq: 5000
  snapshot_sampling: true
  anneal_power: 2
  log_all_sigmas: false

adv:
  perturb_shape: [3000, 3, 32, 32]
  adv_step: 20
  adv_epsilon: 8
  adv_alpha: 0.8
  eot_gaussian_num: 3
  t_seg_num: 8

sampling:
  batch_size: 100
  data_init: false
  step_lr: 0.0000062
  n_steps_each: 5
  ckpt_id: 150000
  final_only: true
  fid: false
  denoise: true
  num_samples4fid: 10000
  inpainting: false
  interpolation: false
  n_interpolations: 15

fast_fid:
  batch_size: 1000
  num_samples: 1000
  step_lr: 0.0000062
  n_steps_each: 5
  begin_ckpt: 5000
  end_ckpt: 300000
  verbose: false
  ensemble: false

test:
  begin_ckpt: 5000
  end_ckpt: 300000
  batch_size: 100

data:
  dataset: "CIFAR10"
  image_size: 32
  channels: 3
  logit_transform: false
  uniform_dequantization: false
  gaussian_dequantization: false
  random_flip: false
  rescaled: false
  num_workers: 4
  sub_dataset: true
  subset_number: 0

model:
  sigma_begin: 50
  num_classes: 232
  ema: true
  ema_rate: 0.999
  spec_norm: false
  sigma_dist: geometric
  sigma_end: 0.01
  normalization: InstanceNorm++
  nonlinearity: elu
  ngf: 128

optim:
  weight_decay: 0.000
  optimizer: "Adam"
  lr: 0.0001
  beta1: 0.9
  amsgrad: false
  eps: 0.00000001
---------------------------------------------------------------
Tue 27 Dec 2022 08:30:35 PM EST
JOB_ID=9
GPU_ID=0
python main.py --adv --config cifar10_sub0.yml --doc cifar10_sub0/4 --ni
training:
  batch_size: 128
  n_epochs: 500000
  n_iters: 300001
  snapshot_freq: 5000
  snapshot_sampling: true
  anneal_power: 2
  log_all_sigmas: false

adv:
  perturb_shape: [3000, 3, 32, 32]
  adv_step: 20
  adv_epsilon: 8
  adv_alpha: 0.8
  eot_gaussian_num: 3
  t_seg_num: 8

sampling:
  batch_size: 100
  data_init: false
  step_lr: 0.0000062
  n_steps_each: 5
  ckpt_id: 150000
  final_only: true
  fid: false
  denoise: true
  num_samples4fid: 10000
  inpainting: false
  interpolation: false
  n_interpolations: 15

fast_fid:
  batch_size: 1000
  num_samples: 1000
  step_lr: 0.0000062
  n_steps_each: 5
  begin_ckpt: 5000
  end_ckpt: 300000
  verbose: false
  ensemble: false

test:
  begin_ckpt: 5000
  end_ckpt: 300000
  batch_size: 100

data:
  dataset: "CIFAR10"
  image_size: 32
  channels: 3
  logit_transform: false
  uniform_dequantization: false
  gaussian_dequantization: false
  random_flip: false
  rescaled: false
  num_workers: 4
  sub_dataset: true
  subset_number: 0

model:
  sigma_begin: 50
  num_classes: 232
  ema: true
  ema_rate: 0.999
  spec_norm: false
  sigma_dist: geometric
  sigma_end: 0.01
  normalization: InstanceNorm++
  nonlinearity: elu
  ngf: 128

optim:
  weight_decay: 0.000
  optimizer: "Adam"
  lr: 0.0001
  beta1: 0.9
  amsgrad: false
  eps: 0.00000001
---------------------------------------------------------------
Tue 27 Dec 2022 08:32:12 PM EST
JOB_ID=10
GPU_ID=3
python main.py --adv --config cifar10_sub0.yml --doc cifar10_sub0/4 --ni
training:
  batch_size: 128
  n_epochs: 500000
  n_iters: 300001
  snapshot_freq: 5000
  snapshot_sampling: true
  anneal_power: 2
  log_all_sigmas: false

adv:
  perturb_shape: [3000, 3, 32, 32]
  adv_step: 20
  adv_epsilon: 8
  adv_alpha: 0.8
  eot_gaussian_num: 3
  t_seg_num: 8

sampling:
  batch_size: 100
  data_init: false
  step_lr: 0.0000062
  n_steps_each: 5
  ckpt_id: 150000
  final_only: true
  fid: false
  denoise: true
  num_samples4fid: 10000
  inpainting: false
  interpolation: false
  n_interpolations: 15

fast_fid:
  batch_size: 1000
  num_samples: 1000
  step_lr: 0.0000062
  n_steps_each: 5
  begin_ckpt: 5000
  end_ckpt: 300000
  verbose: false
  ensemble: false

test:
  begin_ckpt: 5000
  end_ckpt: 300000
  batch_size: 100

data:
  dataset: "CIFAR10"
  image_size: 32
  channels: 3
  logit_transform: false
  uniform_dequantization: false
  gaussian_dequantization: false
  random_flip: false
  rescaled: false
  num_workers: 4
  sub_dataset: true
  subset_number: 0

model:
  sigma_begin: 50
  num_classes: 232
  ema: true
  ema_rate: 0.999
  spec_norm: false
  sigma_dist: geometric
  sigma_end: 0.01
  normalization: InstanceNorm++
  nonlinearity: elu
  ngf: 128

optim:
  weight_decay: 0.000
  optimizer: "Adam"
  lr: 0.0001
  beta1: 0.9
  amsgrad: false
  eps: 0.00000001
---------------------------------------------------------------
Tue 27 Dec 2022 09:40:41 PM EST
JOB_ID=11
GPU_ID=6
python main.py --adv --config cifar10_sub0.yml --doc cifar10_sub0/4 --ni --adv_loss_type max_forward_loss
training:
  batch_size: 128
  n_epochs: 500000
  n_iters: 300001
  snapshot_freq: 5000
  snapshot_sampling: true
  anneal_power: 2
  log_all_sigmas: false

adv:
  perturb_shape: [3000, 3, 32, 32]
  adv_step: 20
  adv_epsilon: 8
  adv_alpha: 0.8
  eot_gaussian_num: 3
  t_seg_num: 8

sampling:
  batch_size: 100
  data_init: false
  step_lr: 0.0000062
  n_steps_each: 5
  ckpt_id: 150000
  final_only: true
  fid: false
  denoise: true
  num_samples4fid: 10000
  inpainting: false
  interpolation: false
  n_interpolations: 15

fast_fid:
  batch_size: 1000
  num_samples: 1000
  step_lr: 0.0000062
  n_steps_each: 5
  begin_ckpt: 5000
  end_ckpt: 300000
  verbose: false
  ensemble: false

test:
  begin_ckpt: 5000
  end_ckpt: 300000
  batch_size: 100

data:
  dataset: "CIFAR10"
  image_size: 32
  channels: 3
  logit_transform: false
  uniform_dequantization: false
  gaussian_dequantization: false
  random_flip: false
  rescaled: false
  num_workers: 4
  sub_dataset: true
  subset_number: 0

model:
  sigma_begin: 50
  num_classes: 232
  ema: true
  ema_rate: 0.999
  spec_norm: false
  sigma_dist: geometric
  sigma_end: 0.01
  normalization: InstanceNorm++
  nonlinearity: elu
  ngf: 128

optim:
  weight_decay: 0.000
  optimizer: "Adam"
  lr: 0.0001
  beta1: 0.9
  amsgrad: false
  eps: 0.00000001
---------------------------------------------------------------
Wed 28 Dec 2022 09:14:57 PM EST
JOB_ID=12
GPU_ID=4, 5
python main.py --config cifar10_sub0.yml --doc cifar10_sub0 --ni --adv_loss_type max_forward_loss
training:
  batch_size: 128
  n_epochs: 500000
  n_iters: 300001
  snapshot_freq: 5000
  snapshot_sampling: true
  anneal_power: 2
  log_all_sigmas: false

adv:
  perturb_shape: [3000, 3, 32, 32]
  adv_step: 20
  adv_epsilon: 8
  adv_alpha: 0.8
  eot_gaussian_num: 3
  t_seg_num: 8

sampling:
  batch_size: 100
  data_init: false
  step_lr: 0.0000062
  n_steps_each: 5
  ckpt_id: 150000
  final_only: true
  fid: false
  denoise: true
  num_samples4fid: 10000
  inpainting: false
  interpolation: false
  n_interpolations: 15

fast_fid:
  batch_size: 1000
  num_samples: 1000
  step_lr: 0.0000062
  n_steps_each: 5
  begin_ckpt: 5000
  end_ckpt: 300000
  verbose: false
  ensemble: false

test:
  begin_ckpt: 5000
  end_ckpt: 300000
  batch_size: 100

data:
  dataset: "CIFAR10"
  image_size: 32
  channels: 3
  logit_transform: false
  uniform_dequantization: false
  gaussian_dequantization: false
  random_flip: false
  rescaled: false
  num_workers: 4
  sub_dataset: true
  subset_number: 0

model:
  sigma_begin: 50
  num_classes: 232
  ema: true
  ema_rate: 0.999
  spec_norm: false
  sigma_dist: geometric
  sigma_end: 0.01
  normalization: InstanceNorm++
  nonlinearity: elu
  ngf: 128

optim:
  weight_decay: 0.000
  optimizer: "Adam"
  lr: 0.0001
  beta1: 0.9
  amsgrad: false
  eps: 0.00000001
---------------------------------------------------------------
Fri 30 Dec 2022 05:06:05 PM EST
JOB_ID=13
GPU_ID=3, 5
python main.py --config cifar10_sub0.yml --doc cifar10_sub0 --ni --adv_loss_type max_forward_loss
training:
  batch_size: 128
  n_epochs: 500000
  n_iters: 300001
  snapshot_freq: 5000
  snapshot_sampling: true
  anneal_power: 2
  log_all_sigmas: false

adv:
  perturb_shape: [3000, 3, 32, 32]
  adv_step: 20
  adv_epsilon: 8
  adv_alpha: 0.8
  eot_gaussian_num: 3
  t_seg_num: 8
  gm_target: "whole_red"

sampling:
  batch_size: 100
  data_init: false
  step_lr: 0.0000062
  n_steps_each: 5
  ckpt_id: 150000
  final_only: true
  fid: false
  denoise: true
  num_samples4fid: 10000
  inpainting: false
  interpolation: false
  n_interpolations: 15

fast_fid:
  batch_size: 1000
  num_samples: 1000
  step_lr: 0.0000062
  n_steps_each: 5
  begin_ckpt: 5000
  end_ckpt: 300000
  verbose: false
  ensemble: false

test:
  begin_ckpt: 5000
  end_ckpt: 300000
  batch_size: 100

data:
  dataset: "CIFAR10"
  image_size: 32
  channels: 3
  logit_transform: false
  uniform_dequantization: false
  gaussian_dequantization: false
  random_flip: false
  rescaled: false
  num_workers: 4
  sub_dataset: true
  subset_number: 0

model:
  sigma_begin: 50
  num_classes: 232
  ema: true
  ema_rate: 0.999
  spec_norm: false
  sigma_dist: geometric
  sigma_end: 0.01
  normalization: InstanceNorm++
  nonlinearity: elu
  ngf: 128

optim:
  weight_decay: 0.000
  optimizer: "Adam"
  lr: 0.0001
  beta1: 0.9
  amsgrad: false
  eps: 0.00000001
---------------------------------------------------------------
Sun 01 Jan 2023 06:21:11 PM EST
JOB_ID=14
GPU_ID=2
python main.py --adv --config cifar10_sub0.yml --doc cifar10_sub0_13 --ni --adv_loss_type gradient_matching
training:
  batch_size: 30
  n_epochs: 500000
  n_iters: 300001
  snapshot_freq: 5000
  snapshot_sampling: true
  anneal_power: 2
  log_all_sigmas: false

adv:
  perturb_shape: [3000, 3, 32, 32]
  adv_step: 20
  adv_epsilon: 8
  adv_alpha: 0.8
  eot_gaussian_num: 2
  t_seg_num: 6
  gm_target: "whole_red"
  optim_mode: "pgd"
  ckpt_id: 190000

sampling:
  batch_size: 100
  data_init: false
  step_lr: 0.0000062
  n_steps_each: 5
  ckpt_id: 150000
  final_only: true
  fid: false
  denoise: true
  num_samples4fid: 10000
  inpainting: false
  interpolation: false
  n_interpolations: 15

fast_fid:
  batch_size: 1000
  num_samples: 1000
  step_lr: 0.0000062
  n_steps_each: 5
  begin_ckpt: 5000
  end_ckpt: 300000
  verbose: false
  ensemble: false

test:
  begin_ckpt: 5000
  end_ckpt: 300000
  batch_size: 100

data:
  dataset: "CIFAR10"
  image_size: 32
  channels: 3
  logit_transform: false
  uniform_dequantization: false
  gaussian_dequantization: false
  random_flip: false
  rescaled: false
  num_workers: 4
  sub_dataset: true
  subset_number: 0

model:
  sigma_begin: 50
  num_classes: 232
  ema: true
  ema_rate: 0.999
  spec_norm: false
  sigma_dist: geometric
  sigma_end: 0.01
  normalization: InstanceNorm++
  nonlinearity: elu
  ngf: 128

optim:
  weight_decay: 0.000
  optimizer: "Adam"
  lr: 0.0001
  beta1: 0.9
  amsgrad: false
  eps: 0.00000001
---------------------------------------------------------------
Sun 01 Jan 2023 06:32:38 PM EST
JOB_ID=15
GPU_ID=2
python main.py --adv --config cifar10_sub0.yml --doc cifar10_sub0_13 --ni --adv_loss_type gradient_matching
training:
  batch_size: 30
  n_epochs: 500000
  n_iters: 300001
  snapshot_freq: 5000
  snapshot_sampling: true
  anneal_power: 2
  log_all_sigmas: false

adv:
  perturb_shape: [3000, 3, 32, 32]
  adv_step: 20
  adv_epsilon: 8
  adv_alpha: 0.8
  eot_gaussian_num: 2
  t_seg_num: 6
  gm_target: "whole_red"
  optim_mode: "pgd"
  ckpt_id: 190000

sampling:
  batch_size: 100
  data_init: false
  step_lr: 0.0000062
  n_steps_each: 5
  ckpt_id: 150000
  final_only: true
  fid: false
  denoise: true
  num_samples4fid: 10000
  inpainting: false
  interpolation: false
  n_interpolations: 15

fast_fid:
  batch_size: 1000
  num_samples: 1000
  step_lr: 0.0000062
  n_steps_each: 5
  begin_ckpt: 5000
  end_ckpt: 300000
  verbose: false
  ensemble: false

test:
  begin_ckpt: 5000
  end_ckpt: 300000
  batch_size: 100

data:
  dataset: "CIFAR10"
  image_size: 32
  channels: 3
  logit_transform: false
  uniform_dequantization: false
  gaussian_dequantization: false
  random_flip: false
  rescaled: false
  num_workers: 4
  sub_dataset: true
  subset_number: 0

model:
  sigma_begin: 50
  num_classes: 232
  ema: true
  ema_rate: 0.999
  spec_norm: false
  sigma_dist: geometric
  sigma_end: 0.01
  normalization: InstanceNorm++
  nonlinearity: elu
  ngf: 128

optim:
  weight_decay: 0.000
  optimizer: "Adam"
  lr: 0.0001
  beta1: 0.9
  amsgrad: false
  eps: 0.00000001
---------------------------------------------------------------
