python main.py --config cifar10.yml --doc cifar10
python main.py --config cifar10.yml --doc cifar10
python main.py --config cifar10.yml --doc cifar10
python main.py --config cifar10.yml --doc cifar10
python main.py --sample --config cifar10.yml -i cifar10
python main.py --sample --config cifar10.yml -i cifar10 --doc test_cifar10
python main.py --sample --config cifar10.yml -i cifar10 --doc test_cifar10
python main.py --sample --config cifar10.yml -i cifar10 --doc test_cifar10
python main.py --sample --config cifar10.yml -i cifar10 --doc test_cifar10
python main.py --config cifar10.yml --doc cifar10
python main.py --config cifar10.yml --doc cifar10
python main.py --config cifar10.yml --doc cifar10
python main.py --config cifar10.yml --doc cifar10
python main.py --config cifar10.yml --doc cifar10
python main.py --config cifar10.yml --doc cifar10
python main.py --config cifar10.yml --doc cifar10
python main.py --config cifar10.yml --doc cifar10
python main.py --config cifar10.yml --doc cifar10
python main.py --config cifar10.yml --doc cifar10
python main.py --config cifar10.yml --doc cifar10
python main.py --config cifar10.yml --doc cifar10
python main.py --config cifar10.yml --doc cifar10
python main.py --config cifar10.yml --doc cifar10
python main.py --config cifar10.yml --doc cifar10
python main.py --config cifar10.yml --doc cifar10
python main.py --config cifar10.yml --doc cifar10
python main.py --config cifar10.yml --doc cifar10
python main.py --config cifar10.yml --doc cifar10
python main.py --config cifar10.yml --doc cifar10
python main.py --config cifar10.yml --doc cifar10
python main.py --config cifar10.yml --doc cifar10
python main.py --config cifar10.yml --doc cifar10
python main.py --config cifar10.yml --doc cifar10
python main.py --config cifar10.yml --doc cifar10
python main.py --config cifar10_sub0.yml --doc cifar10
python main.py --config cifar10_sub0.yml --doc cifar10 --ni
python main.py --adv --config cifar10_sub0.yml --doc cifar10_sub0 --ni
python main.py --adv --config cifar10_sub0.yml --doc cifar10 --ni
python main.py --adv --config cifar10_sub0.yml --doc test_cifar10 --ni
python main.py --adv --config cifar10_sub0.yml --doc test_cifar10 --ni
